c:\users\bdosd\onedrive\projects\github\corechess\windowschess\x64\debug\vc142.pdb
c:\users\bdosd\onedrive\projects\github\corechess\windowschess\x64\debug\vc142.idb
c:\users\bdosd\onedrive\projects\github\corechess\windowschess\x64\debug\zobrist.obj
c:\users\bdosd\onedrive\projects\github\corechess\windowschess\x64\debug\uci.obj
c:\users\bdosd\onedrive\projects\github\corechess\windowschess\x64\debug\transposition.obj
c:\users\bdosd\onedrive\projects\github\corechess\windowschess\x64\debug\tcpsrever.obj
c:\users\bdosd\onedrive\projects\github\corechess\windowschess\x64\debug\searchtt.obj
c:\users\bdosd\onedrive\projects\github\corechess\windowschess\x64\debug\search.obj
c:\users\bdosd\onedrive\projects\github\corechess\windowschess\x64\debug\perft.obj
c:\users\bdosd\onedrive\projects\github\corechess\windowschess\x64\debug\moveorder.obj
c:\users\bdosd\onedrive\projects\github\corechess\windowschess\x64\debug\movegen.obj
c:\users\bdosd\onedrive\projects\github\corechess\windowschess\x64\debug\move.obj
c:\users\bdosd\onedrive\projects\github\corechess\windowschess\x64\debug\main.obj
c:\users\bdosd\onedrive\projects\github\corechess\windowschess\x64\debug\evaluate.obj
c:\users\bdosd\onedrive\projects\github\corechess\windowschess\x64\debug\board.obj
c:\users\bdosd\onedrive\projects\github\corechess\windowschess\x64\debug\bitutils.obj
c:\users\bdosd\onedrive\projects\github\corechess\windowschess\x64\debug\windowschess.exe
c:\users\bdosd\onedrive\projects\github\corechess\windowschess\x64\debug\windowschess.ilk
c:\users\bdosd\onedrive\projects\github\corechess\windowschess\x64\debug\windowschess.pdb
c:\users\bdosd\onedrive\projects\github\corechess\windowschess\x64\debug\windowschess.tlog\cl.command.1.tlog
c:\users\bdosd\onedrive\projects\github\corechess\windowschess\x64\debug\windowschess.tlog\cl.read.1.tlog
c:\users\bdosd\onedrive\projects\github\corechess\windowschess\x64\debug\windowschess.tlog\cl.write.1.tlog
c:\users\bdosd\onedrive\projects\github\corechess\windowschess\x64\debug\windowschess.tlog\link.command.1.tlog
c:\users\bdosd\onedrive\projects\github\corechess\windowschess\x64\debug\windowschess.tlog\link.read.1.tlog
c:\users\bdosd\onedrive\projects\github\corechess\windowschess\x64\debug\windowschess.tlog\link.write.1.tlog
