c:\users\bdosd\source\repos\corechess\windowschess\windowschess\x64\release\vc143.pdb
c:\users\bdosd\source\repos\corechess\windowschess\windowschess\x64\release\zobrist.obj
c:\users\bdosd\source\repos\corechess\windowschess\windowschess\x64\release\uci.obj
c:\users\bdosd\source\repos\corechess\windowschess\windowschess\x64\release\transposition.obj
c:\users\bdosd\source\repos\corechess\windowschess\windowschess\x64\release\tcpsrever.obj
c:\users\bdosd\source\repos\corechess\windowschess\windowschess\x64\release\search.obj
c:\users\bdosd\source\repos\corechess\windowschess\windowschess\x64\release\quiescence.obj
c:\users\bdosd\source\repos\corechess\windowschess\windowschess\x64\release\perft.obj
c:\users\bdosd\source\repos\corechess\windowschess\windowschess\x64\release\moveorder.obj
c:\users\bdosd\source\repos\corechess\windowschess\windowschess\x64\release\movegen.obj
c:\users\bdosd\source\repos\corechess\windowschess\windowschess\x64\release\move.obj
c:\users\bdosd\source\repos\corechess\windowschess\windowschess\x64\release\main.obj
c:\users\bdosd\source\repos\corechess\windowschess\windowschess\x64\release\evaluate.obj
c:\users\bdosd\source\repos\corechess\windowschess\windowschess\x64\release\book.obj
c:\users\bdosd\source\repos\corechess\windowschess\windowschess\x64\release\board.obj
c:\users\bdosd\source\repos\corechess\windowschess\windowschess\x64\release\bitutils.obj
c:\users\bdosd\source\repos\corechess\windowschess\x64\release\windowschess.exe
c:\users\bdosd\source\repos\corechess\windowschess\x64\release\windowschess.pdb
c:\users\bdosd\source\repos\corechess\windowschess\windowschess\x64\release\windowschess.iobj
c:\users\bdosd\source\repos\corechess\windowschess\windowschess\x64\release\windowschess.tlog\cl.command.1.tlog
c:\users\bdosd\source\repos\corechess\windowschess\windowschess\x64\release\windowschess.tlog\cl.items.tlog
c:\users\bdosd\source\repos\corechess\windowschess\windowschess\x64\release\windowschess.tlog\cl.read.1.tlog
c:\users\bdosd\source\repos\corechess\windowschess\windowschess\x64\release\windowschess.tlog\cl.write.1.tlog
c:\users\bdosd\source\repos\corechess\windowschess\windowschess\x64\release\windowschess.tlog\link.command.1.tlog
c:\users\bdosd\source\repos\corechess\windowschess\windowschess\x64\release\windowschess.tlog\link.read.1.tlog
c:\users\bdosd\source\repos\corechess\windowschess\windowschess\x64\release\windowschess.tlog\link.secondary.1.tlog
c:\users\bdosd\source\repos\corechess\windowschess\windowschess\x64\release\windowschess.tlog\link.write.1.tlog
